HBuilder-Integrate-AS/simpleDemo/build/intermediates/manifest_merge_blame_file/release/manifest-merger-blame-release-report.txt
1<?xml version="1.0" encoding="utf-8"?>
2<manifest xmlns:android="http://schemas.android.com/apk/res/android"
3    package="com.test.analyze"
4    android:versionCode="100"
5    android:versionName="1.0.0" >
6
7    <uses-sdk
8        android:minSdkVersion="21"
8-->src\main\AndroidManifest.xml
9        android:targetSdkVersion="28" />
9-->src\main\AndroidManifest.xml
10
11    <supports-screens
11-->[lib.5plus.base-release.aar] AndroidManifest.xml:7:5-12:39
12        android:anyDensity="true"
12-->[lib.5plus.base-release.aar] AndroidManifest.xml:8:9-34
13        android:largeScreens="true"
13-->[lib.5plus.base-release.aar] AndroidManifest.xml:9:9-36
14        android:normalScreens="true"
14-->[lib.5plus.base-release.aar] AndroidManifest.xml:10:9-37
15        android:resizeable="true"
15-->[lib.5plus.base-release.aar] AndroidManifest.xml:11:9-34
16        android:smallScreens="true" />
16-->[lib.5plus.base-release.aar] AndroidManifest.xml:12:9-36
17
18    <uses-permission android:name="android.permission.WRITE_EXTERNAL_STORAGE" /> <!-- 适配android 13 图片选择权限 -->
18-->[lib.5plus.base-release.aar] AndroidManifest.xml:14:5-81
18-->[lib.5plus.base-release.aar] AndroidManifest.xml:14:22-78
19    <uses-permission android:name="android.permission.READ_MEDIA_IMAGES" />
19-->[lib.5plus.base-release.aar] AndroidManifest.xml:17:5-76
19-->[lib.5plus.base-release.aar] AndroidManifest.xml:17:22-73
20    <uses-permission android:name="android.permission.READ_MEDIA_VIDEO" />
20-->[lib.5plus.base-release.aar] AndroidManifest.xml:18:5-75
20-->[lib.5plus.base-release.aar] AndroidManifest.xml:18:22-72
21    <uses-permission android:name="android.permission.READ_MEDIA_VISUAL_USER_SELECTED" />
21-->[lib.5plus.base-release.aar] AndroidManifest.xml:19:5-90
21-->[lib.5plus.base-release.aar] AndroidManifest.xml:19:22-87
22    <uses-permission android:name="android.permission.INTERNET" />
22-->[lib.5plus.base-release.aar] AndroidManifest.xml:20:5-67
22-->[lib.5plus.base-release.aar] AndroidManifest.xml:20:22-64
23    <uses-permission android:name="android.permission.ACCESS_NETWORK_STATE" />
23-->[lib.5plus.base-release.aar] AndroidManifest.xml:21:5-79
23-->[lib.5plus.base-release.aar] AndroidManifest.xml:21:22-76
24    <!--
25    <uses-permission
26        android:name="com.android.launcher.permission.UNINSTALL_SHORTCUT" />
27    -->
28    <!-- 华为修改角标需要设置权限 -->
29    <uses-permission android:name="com.huawei.android.launcher.permission.CHANGE_BADGE" /> <!-- vivo 修改角标需要设置权限 -->
29-->[lib.5plus.base-release.aar] AndroidManifest.xml:27:5-91
29-->[lib.5plus.base-release.aar] AndroidManifest.xml:27:22-88
30    <uses-permission android:name="com.vivo.notification.permission.BADGE_ICON" />
30-->[lib.5plus.base-release.aar] AndroidManifest.xml:29:5-83
30-->[lib.5plus.base-release.aar] AndroidManifest.xml:29:22-80
31
32    <queries>
32-->[lib.5plus.base-release.aar] AndroidManifest.xml:31:5-40:15
33        <intent>
33-->[lib.5plus.base-release.aar] AndroidManifest.xml:32:9-34:18
34            <action android:name="android.intent.action.MAIN" />
34-->src\main\AndroidManifest.xml:22:17-69
34-->src\main\AndroidManifest.xml:22:25-66
35        </intent>
36        <intent>
36-->[lib.5plus.base-release.aar] AndroidManifest.xml:35:9-39:18
37            <action android:name="android.intent.action.VIEW" />
37-->src\main\AndroidManifest.xml:38:17-69
37-->src\main\AndroidManifest.xml:38:25-66
38
39            <category android:name="android.intent.category.DEFAULT" />
39-->src\main\AndroidManifest.xml:36:17-76
39-->src\main\AndroidManifest.xml:36:27-73
40        </intent>
41    </queries>
42
43    <uses-permission android:name="android.permission.READ_EXTERNAL_STORAGE" />
44    <uses-permission android:name="com.asus.msa.SupplementaryDID.ACCESS" />
44-->[oaid_sdk_1.0.25.aar] AndroidManifest.xml:13:5-76
44-->[oaid_sdk_1.0.25.aar] AndroidManifest.xml:13:22-73
45    <uses-permission android:name="freemme.permission.msa" />
45-->[oaid_sdk_1.0.25.aar] AndroidManifest.xml:15:5-62
45-->[oaid_sdk_1.0.25.aar] AndroidManifest.xml:15:22-59
46
47    <application
47-->src\main\AndroidManifest.xml:5:5-45:19
48        android:name="io.dcloud.application.DCloudApplication"
48-->[lib.5plus.base-release.aar] AndroidManifest.xml:173:9-63
49        android:allowBackup="true"
49-->src\main\AndroidManifest.xml:6:9-35
50        android:allowClearUserData="true"
50-->src\main\AndroidManifest.xml:7:9-42
51        android:appComponentFactory="androidx.core.app.CoreComponentFactory"
51-->[androidx.core:core:1.1.0] AndroidManifest.xml:24:18-86
52        android:extractNativeLibs="true"
52-->[uniapp-v8-release.aar] AndroidManifest.xml:29:18-50
53        android:icon="@drawable/icon"
53-->src\main\AndroidManifest.xml:8:9-38
54        android:label="@string/app_name"
54-->src\main\AndroidManifest.xml:9:9-41
55        android:largeHeap="true"
55-->src\main\AndroidManifest.xml:10:9-33
56        android:supportsRtl="true"
56-->src\main\AndroidManifest.xml:11:9-35
57        android:usesCleartextTraffic="true" >
57-->[lib.5plus.base-release.aar] AndroidManifest.xml:175:9-44
58        <activity
58-->src\main\AndroidManifest.xml:12:9-25:20
59            android:name="io.dcloud.PandoraEntry"
59-->src\main\AndroidManifest.xml:13:13-50
60            android:configChanges="orientation|keyboardHidden|keyboard|navigation"
60-->src\main\AndroidManifest.xml:14:13-83
61            android:hardwareAccelerated="true"
61-->src\main\AndroidManifest.xml:17:13-47
62            android:label="@string/app_name"
62-->src\main\AndroidManifest.xml:15:13-45
63            android:launchMode="singleTask"
63-->src\main\AndroidManifest.xml:16:13-44
64            android:screenOrientation="user"
64-->src\main\AndroidManifest.xml:19:13-45
65            android:theme="@style/TranslucentTheme"
65-->src\main\AndroidManifest.xml:18:13-52
66            android:windowSoftInputMode="adjustResize" >
66-->src\main\AndroidManifest.xml:20:13-55
67            <intent-filter>
67-->src\main\AndroidManifest.xml:21:13-24:29
68                <action android:name="android.intent.action.MAIN" />
68-->src\main\AndroidManifest.xml:22:17-69
68-->src\main\AndroidManifest.xml:22:25-66
69
70                <category android:name="android.intent.category.LAUNCHER" />
70-->src\main\AndroidManifest.xml:23:17-77
70-->src\main\AndroidManifest.xml:23:27-74
71            </intent-filter>
72        </activity>
73        <activity
73-->src\main\AndroidManifest.xml:26:9-41:20
74            android:name="io.dcloud.PandoraEntryActivity"
74-->src\main\AndroidManifest.xml:27:13-58
75            android:configChanges="orientation|keyboardHidden|screenSize|mcc|mnc|fontScale|keyboard|smallestScreenSize|screenLayout|screenSize|uiMode"
75-->src\main\AndroidManifest.xml:29:13-151
76            android:hardwareAccelerated="true"
76-->src\main\AndroidManifest.xml:30:13-47
77            android:launchMode="singleTask"
77-->src\main\AndroidManifest.xml:28:13-44
78            android:permission="com.miui.securitycenter.permission.AppPermissionsEditor"
78-->src\main\AndroidManifest.xml:31:13-89
79            android:screenOrientation="user"
79-->src\main\AndroidManifest.xml:32:13-45
80            android:theme="@style/DCloudTheme"
80-->src\main\AndroidManifest.xml:33:13-47
81            android:windowSoftInputMode="adjustResize" >
81-->src\main\AndroidManifest.xml:34:13-55
82            <intent-filter>
82-->src\main\AndroidManifest.xml:35:13-40:29
83                <category android:name="android.intent.category.DEFAULT" />
83-->src\main\AndroidManifest.xml:36:17-76
83-->src\main\AndroidManifest.xml:36:27-73
84                <category android:name="android.intent.category.BROWSABLE" />
84-->src\main\AndroidManifest.xml:37:17-78
84-->src\main\AndroidManifest.xml:37:27-75
85
86                <action android:name="android.intent.action.VIEW" />
86-->src\main\AndroidManifest.xml:38:17-69
86-->src\main\AndroidManifest.xml:38:25-66
87
88                <data android:scheme=" " />
88-->src\main\AndroidManifest.xml:39:17-44
88-->src\main\AndroidManifest.xml:39:23-41
89            </intent-filter>
90        </activity>
91
92        <meta-data
92-->src\main\AndroidManifest.xml:42:9-44:64
93            android:name="dcloud_appkey"
93-->src\main\AndroidManifest.xml:43:13-41
94            android:value="a9a9b18c3c495e388de7bbc808eb693d" />
94-->src\main\AndroidManifest.xml:44:13-61
95        <!--
96        <activity
97            android:name="io.dcloud.imagepick.CustomGalleryActivity"
98            android:noHistory="true"
99            android:exported="false"/>
100        -->
101        <activity
101-->[lib.5plus.base-release.aar] AndroidManifest.xml:184:9-190:58
102            android:name="io.dcloud.feature.nativeObj.photoview.PhotoActivity"
102-->[lib.5plus.base-release.aar] AndroidManifest.xml:185:13-79
103            android:configChanges="orientation|keyboardHidden"
103-->[lib.5plus.base-release.aar] AndroidManifest.xml:186:13-63
104            android:exported="false"
104-->[lib.5plus.base-release.aar] AndroidManifest.xml:187:13-37
105            android:noHistory="false"
105-->[lib.5plus.base-release.aar] AndroidManifest.xml:188:13-38
106            android:screenOrientation="behind"
106-->[lib.5plus.base-release.aar] AndroidManifest.xml:189:13-47
107            android:theme="@style/DeviceDefault.Light" />
107-->[lib.5plus.base-release.aar] AndroidManifest.xml:190:13-55
108        <activity
108-->[lib.5plus.base-release.aar] AndroidManifest.xml:191:9-200:58
109            android:name="io.dcloud.WebAppActivity"
109-->[lib.5plus.base-release.aar] AndroidManifest.xml:192:13-52
110            android:configChanges="orientation|keyboard|keyboardHidden|smallestScreenSize|screenLayout|screenSize|mcc|mnc|fontScale|navigation"
110-->[lib.5plus.base-release.aar] AndroidManifest.xml:193:13-144
111            android:hardwareAccelerated="true"
111-->[lib.5plus.base-release.aar] AndroidManifest.xml:194:13-47
112            android:icon="@drawable/dcloud_recent"
112-->[lib.5plus.base-release.aar] AndroidManifest.xml:195:13-51
113            android:label="@string/stream_my"
113-->[lib.5plus.base-release.aar] AndroidManifest.xml:196:13-46
114            android:launchMode="singleTask"
114-->[lib.5plus.base-release.aar] AndroidManifest.xml:197:13-44
115            android:screenOrientation="portrait"
115-->[lib.5plus.base-release.aar] AndroidManifest.xml:198:13-49
116            android:theme="@style/DCloudTheme"
116-->[lib.5plus.base-release.aar] AndroidManifest.xml:199:13-47
117            android:windowSoftInputMode="adjustResize" />
117-->[lib.5plus.base-release.aar] AndroidManifest.xml:200:13-55
118        <activity
118-->[lib.5plus.base-release.aar] AndroidManifest.xml:201:9-205:75
119            android:name="io.dcloud.ProcessMediator"
119-->[lib.5plus.base-release.aar] AndroidManifest.xml:202:13-53
120            android:excludeFromRecents="true"
120-->[lib.5plus.base-release.aar] AndroidManifest.xml:203:13-46
121            android:exported="false"
121-->[lib.5plus.base-release.aar] AndroidManifest.xml:204:13-37
122            android:theme="@android:style/Theme.Translucent.NoTitleBar" />
122-->[lib.5plus.base-release.aar] AndroidManifest.xml:205:13-72
123        <activity
123-->[lib.5plus.base-release.aar] AndroidManifest.xml:206:9-212:20
124            android:name="io.dcloud.WebviewActivity"
124-->[lib.5plus.base-release.aar] AndroidManifest.xml:207:13-53
125            android:exported="false"
125-->[lib.5plus.base-release.aar] AndroidManifest.xml:208:13-37
126            android:screenOrientation="portrait"
126-->[lib.5plus.base-release.aar] AndroidManifest.xml:209:13-49
127            android:theme="@style/ThemeNoTitleBar"
127-->[lib.5plus.base-release.aar] AndroidManifest.xml:210:13-51
128            android:windowSoftInputMode="adjustPan" >
128-->[lib.5plus.base-release.aar] AndroidManifest.xml:211:13-52
129        </activity> <!-- gallery******start -->
130        <activity
130-->[lib.5plus.base-release.aar] AndroidManifest.xml:215:9-220:63
131            android:name="com.dmcbig.mediapicker.PickerActivity"
131-->[lib.5plus.base-release.aar] AndroidManifest.xml:216:13-65
132            android:configChanges="orientation|screenSize"
132-->[lib.5plus.base-release.aar] AndroidManifest.xml:217:13-59
133            android:exported="false"
133-->[lib.5plus.base-release.aar] AndroidManifest.xml:218:13-37
134            android:theme="@style/DeviceDefault.Light"
134-->[lib.5plus.base-release.aar] AndroidManifest.xml:219:13-55
135            android:windowSoftInputMode="stateAlwaysHidden" />
135-->[lib.5plus.base-release.aar] AndroidManifest.xml:220:13-60
136        <activity
136-->[lib.5plus.base-release.aar] AndroidManifest.xml:221:9-226:63
137            android:name="com.dmcbig.mediapicker.PreviewActivity"
137-->[lib.5plus.base-release.aar] AndroidManifest.xml:222:13-66
138            android:configChanges="orientation|screenSize"
138-->[lib.5plus.base-release.aar] AndroidManifest.xml:223:13-59
139            android:exported="false"
139-->[lib.5plus.base-release.aar] AndroidManifest.xml:224:13-37
140            android:theme="@style/DeviceDefault.Light"
140-->[lib.5plus.base-release.aar] AndroidManifest.xml:225:13-55
141            android:windowSoftInputMode="stateAlwaysHidden" /> <!-- gallery******end -->
141-->[lib.5plus.base-release.aar] AndroidManifest.xml:226:13-60
142        <provider
142-->[lib.5plus.base-release.aar] AndroidManifest.xml:229:9-237:20
143            android:name="io.dcloud.common.util.DCloud_FileProvider"
143-->[lib.5plus.base-release.aar] AndroidManifest.xml:230:13-69
144            android:authorities="com.test.analyze.dc.fileprovider"
144-->[lib.5plus.base-release.aar] AndroidManifest.xml:231:13-67
145            android:exported="false"
145-->[lib.5plus.base-release.aar] AndroidManifest.xml:232:13-37
146            android:grantUriPermissions="true" >
146-->[lib.5plus.base-release.aar] AndroidManifest.xml:233:13-47
147            <meta-data
147-->[lib.5plus.base-release.aar] AndroidManifest.xml:234:13-236:64
148                android:name="android.support.FILE_PROVIDER_PATHS"
148-->[lib.5plus.base-release.aar] AndroidManifest.xml:235:17-67
149                android:resource="@xml/dcloud_file_provider" />
149-->[lib.5plus.base-release.aar] AndroidManifest.xml:236:17-61
150        </provider>
151        <!--
152            <meta-data
153            android:name="DCLOUD_STREAMAPP_CHANNEL"
154            android:value="io.dcloud.%APPID%|%APPID%|" />
155        -->
156        <meta-data
156-->[lib.5plus.base-release.aar] AndroidManifest.xml:244:9-246:35
157            android:name="android.max_aspect"
157-->[lib.5plus.base-release.aar] AndroidManifest.xml:245:13-46
158            android:value="2.4" />
158-->[lib.5plus.base-release.aar] AndroidManifest.xml:246:13-32
159
160        <activity
160-->[lib.5plus.base-release.aar] AndroidManifest.xml:248:9-253:63
161            android:name="io.dcloud.feature.gallery.imageedit.IMGEditActivity"
161-->[lib.5plus.base-release.aar] AndroidManifest.xml:249:13-79
162            android:configChanges="orientation|keyboardHidden|screenSize"
162-->[lib.5plus.base-release.aar] AndroidManifest.xml:250:13-74
163            android:exported="false"
163-->[lib.5plus.base-release.aar] AndroidManifest.xml:251:13-37
164            android:theme="@style/ImageEditTheme"
164-->[lib.5plus.base-release.aar] AndroidManifest.xml:252:13-50
165            android:windowSoftInputMode="stateAlwaysHidden" /> <!-- 广告相关配置开始 -->
165-->[lib.5plus.base-release.aar] AndroidManifest.xml:253:13-60
166        <activity
166-->[lib.5plus.base-release.aar] AndroidManifest.xml:256:9-261:55
167            android:name="io.dcloud.sdk.activity.WebViewActivity"
167-->[lib.5plus.base-release.aar] AndroidManifest.xml:257:13-66
168            android:exported="false"
168-->[lib.5plus.base-release.aar] AndroidManifest.xml:258:13-37
169            android:screenOrientation="portrait"
169-->[lib.5plus.base-release.aar] AndroidManifest.xml:259:13-49
170            android:theme="@style/ThemeNoTitleBar"
170-->[lib.5plus.base-release.aar] AndroidManifest.xml:260:13-51
171            android:windowSoftInputMode="adjustPan" />
171-->[lib.5plus.base-release.aar] AndroidManifest.xml:261:13-52
172
173        <service
173-->[lib.5plus.base-release.aar] AndroidManifest.xml:263:9-266:72
174            android:name="io.dcloud.sdk.base.service.DownloadService"
174-->[lib.5plus.base-release.aar] AndroidManifest.xml:264:13-70
175            android:exported="false"
175-->[lib.5plus.base-release.aar] AndroidManifest.xml:265:13-37
176            android:permission="android.permission.BIND_JOB_SERVICE" />
176-->[lib.5plus.base-release.aar] AndroidManifest.xml:266:13-69
177
178        <provider
178-->[lib.5plus.base-release.aar] AndroidManifest.xml:268:9-276:20
179            android:name="io.dcloud.sdk.base.service.provider.DCloudAdFileProvider"
179-->[lib.5plus.base-release.aar] AndroidManifest.xml:269:13-84
180            android:authorities="com.test.analyze.dc.fileprovider"
180-->[lib.5plus.base-release.aar] AndroidManifest.xml:270:13-67
181            android:exported="false"
181-->[lib.5plus.base-release.aar] AndroidManifest.xml:271:13-37
182            android:grantUriPermissions="true" >
182-->[lib.5plus.base-release.aar] AndroidManifest.xml:272:13-47
183            <meta-data
183-->[lib.5plus.base-release.aar] AndroidManifest.xml:234:13-236:64
184                android:name="android.support.FILE_PROVIDER_PATHS"
184-->[lib.5plus.base-release.aar] AndroidManifest.xml:235:17-67
185                android:resource="@xml/dcloud_gg_file_provider" />
185-->[lib.5plus.base-release.aar] AndroidManifest.xml:236:17-61
186        </provider>
187
188        <receiver
188-->[uniapp-v8-release.aar] AndroidManifest.xml:30:9-34:20
189            android:name="com.taobao.weex.WXGlobalEventReceiver"
189-->[uniapp-v8-release.aar] AndroidManifest.xml:31:13-65
190            android:enabled="true"
190-->[uniapp-v8-release.aar] AndroidManifest.xml:32:13-35
191            android:exported="false" >
191-->[uniapp-v8-release.aar] AndroidManifest.xml:33:13-37
192        </receiver>
193    </application>
194
195</manifest>